  main.cpp
C:\Users\Вадим\Desktop\VS_OpenGL_Zgu_Game\VS_OpenGL_Zgu_Game_01_Izmmm\OpenGL_tutorial\tut_Basic_Objects\main.cpp(17,40): warning C4305: инициализация: усечение из "double" в "float"
C:\Users\Вадим\Desktop\VS_OpenGL_Zgu_Game\VS_OpenGL_Zgu_Game_01_Izmmm\OpenGL_tutorial\tut_Basic_Objects\main.cpp(44,12): warning C4305: =: усечение из "double" в "float"
C:\Users\Вадим\Desktop\VS_OpenGL_Zgu_Game\VS_OpenGL_Zgu_Game_01_Izmmm\OpenGL_tutorial\tut_Basic_Objects\main.cpp(44,24): warning C4305: =: усечение из "double" в "float"
C:\Users\Вадим\Desktop\VS_OpenGL_Zgu_Game\VS_OpenGL_Zgu_Game_01_Izmmm\OpenGL_tutorial\tut_Basic_Objects\main.cpp(49,2): warning C4305: инициализация: усечение из "double" в "float"
C:\Users\Вадим\Desktop\VS_OpenGL_Zgu_Game\VS_OpenGL_Zgu_Game_01_Izmmm\OpenGL_tutorial\tut_Basic_Objects\main.cpp(49,39): warning C4305: +=: усечение из "double" в "float"
C:\Users\Вадим\Desktop\VS_OpenGL_Zgu_Game\VS_OpenGL_Zgu_Game_01_Izmmm\OpenGL_tutorial\tut_Basic_Objects\main.cpp(50,16): warning C4244: аргумент: преобразование "double" в "float", возможна потеря данных
C:\Users\Вадим\Desktop\VS_OpenGL_Zgu_Game\VS_OpenGL_Zgu_Game_01_Izmmm\OpenGL_tutorial\tut_Basic_Objects\main.cpp(55,43): warning C4305: аргумент: усечение из "double" в "float"
C:\Users\Вадим\Desktop\VS_OpenGL_Zgu_Game\VS_OpenGL_Zgu_Game_01_Izmmm\OpenGL_tutorial\tut_Basic_Objects\main.cpp(60,29): warning C4305: аргумент: усечение из "double" в "float"
C:\Users\Вадим\Desktop\VS_OpenGL_Zgu_Game\VS_OpenGL_Zgu_Game_01_Izmmm\OpenGL_tutorial\tut_Basic_Objects\main.cpp(62,27): warning C4305: аргумент: усечение из "double" в "float"
C:\Users\Вадим\Desktop\VS_OpenGL_Zgu_Game\VS_OpenGL_Zgu_Game_01_Izmmm\OpenGL_tutorial\tut_Basic_Objects\main.cpp(67,23): warning C4305: аргумент: усечение из "double" в "float"
C:\Users\Вадим\Desktop\VS_OpenGL_Zgu_Game\VS_OpenGL_Zgu_Game_01_Izmmm\OpenGL_tutorial\tut_Basic_Objects\main.cpp(78,15): warning C4305: =: усечение из "double" в "float"
C:\Users\Вадим\Desktop\VS_OpenGL_Zgu_Game\VS_OpenGL_Zgu_Game_01_Izmmm\OpenGL_tutorial\tut_Basic_Objects\main.cpp(87,24): warning C4305: аргумент: усечение из "double" в "float"
C:\Users\Вадим\Desktop\VS_OpenGL_Zgu_Game\VS_OpenGL_Zgu_Game_01_Izmmm\OpenGL_tutorial\tut_Basic_Objects\main.cpp(97,17): warning C4244: =: преобразование "double" в "float", возможна потеря данных
C:\Users\Вадим\Desktop\VS_OpenGL_Zgu_Game\VS_OpenGL_Zgu_Game_01_Izmmm\OpenGL_tutorial\tut_Basic_Objects\main.cpp(110,17): warning C4244: =: преобразование "double" в "float", возможна потеря данных
C:\Users\Вадим\Desktop\VS_OpenGL_Zgu_Game\VS_OpenGL_Zgu_Game_01_Izmmm\OpenGL_tutorial\tut_Basic_Objects\main.cpp(115,17): warning C4244: =: преобразование "double" в "float", возможна потеря данных
C:\Users\Вадим\Desktop\VS_OpenGL_Zgu_Game\VS_OpenGL_Zgu_Game_01_Izmmm\OpenGL_tutorial\tut_Basic_Objects\main.cpp(120,17): warning C4244: =: преобразование "double" в "float", возможна потеря данных
C:\Users\Вадим\Desktop\VS_OpenGL_Zgu_Game\VS_OpenGL_Zgu_Game_01_Izmmm\OpenGL_tutorial\tut_Basic_Objects\main.cpp(127,14): warning C4305: =: усечение из "double" в "float"
C:\Users\Вадим\Desktop\VS_OpenGL_Zgu_Game\VS_OpenGL_Zgu_Game_01_Izmmm\OpenGL_tutorial\tut_Basic_Objects\main.cpp(129,16): warning C4305: =: усечение из "double" в "float"
C:\Users\Вадим\Desktop\VS_OpenGL_Zgu_Game\VS_OpenGL_Zgu_Game_01_Izmmm\OpenGL_tutorial\tut_Basic_Objects\main.cpp(146,46): warning C4244: =: преобразование "double" в "float", возможна потеря данных
C:\Users\Вадим\Desktop\VS_OpenGL_Zgu_Game\VS_OpenGL_Zgu_Game_01_Izmmm\OpenGL_tutorial\tut_Basic_Objects\main.cpp(147,46): warning C4244: =: преобразование "double" в "float", возможна потеря данных
  tut_Basic_Objects.vcxproj -> C:\Users\Вадим\Desktop\VS_OpenGL_Zgu_Game\VS_OpenGL_Zgu_Game_01_Izmmm\OpenGL_tutorial\Debug\tut_Basic_Objects.exe
