  main.cpp
C:\Users\Вадим\Desktop\Новая папка\VS_OpenGL_Zgu\OpenGL_tutorial\tut_Basic_Objects\main.cpp(108,17): warning C4244: =: преобразование "double" в "float", возможна потеря данных
C:\Users\Вадим\Desktop\Новая папка\VS_OpenGL_Zgu\OpenGL_tutorial\tut_Basic_Objects\main.cpp(113,17): warning C4244: =: преобразование "double" в "float", возможна потеря данных
  drawLibZgu.cpp
C:\Users\Вадим\Desktop\Новая папка\VS_OpenGL_Zgu\OpenGL_tutorial\tut_Basic_Objects\drawLibZgu.cpp(19,42): warning C4305: +=: усечение из "double" в "float"
C:\Users\Вадим\Desktop\Новая папка\VS_OpenGL_Zgu\OpenGL_tutorial\tut_Basic_Objects\drawLibZgu.cpp(20,23): warning C4305: аргумент: усечение из "double" в "GLfloat"
C:\Users\Вадим\Desktop\Новая папка\VS_OpenGL_Zgu\OpenGL_tutorial\tut_Basic_Objects\drawLibZgu.cpp(40,42): warning C4305: +=: усечение из "double" в "float"
C:\Users\Вадим\Desktop\Новая папка\VS_OpenGL_Zgu\OpenGL_tutorial\tut_Basic_Objects\drawLibZgu.cpp(41,23): warning C4305: аргумент: усечение из "double" в "GLfloat"
C:\Users\Вадим\Desktop\Новая папка\VS_OpenGL_Zgu\OpenGL_tutorial\tut_Basic_Objects\drawLibZgu.cpp(64,22): warning C4305: аргумент: усечение из "double" в "GLfloat"
C:\Users\Вадим\Desktop\Новая папка\VS_OpenGL_Zgu\OpenGL_tutorial\tut_Basic_Objects\drawLibZgu.cpp(66,42): warning C4305: +=: усечение из "double" в "float"
C:\Users\Вадим\Desktop\Новая папка\VS_OpenGL_Zgu\OpenGL_tutorial\tut_Basic_Objects\drawLibZgu.cpp(90,22): warning C4305: аргумент: усечение из "double" в "GLfloat"
C:\Users\Вадим\Desktop\Новая папка\VS_OpenGL_Zgu\OpenGL_tutorial\tut_Basic_Objects\drawLibZgu.cpp(92,42): warning C4305: +=: усечение из "double" в "float"
C:\Users\Вадим\Desktop\Новая папка\VS_OpenGL_Zgu\OpenGL_tutorial\tut_Basic_Objects\drawLibZgu.cpp(116,22): warning C4305: аргумент: усечение из "double" в "GLfloat"
C:\Users\Вадим\Desktop\Новая папка\VS_OpenGL_Zgu\OpenGL_tutorial\tut_Basic_Objects\drawLibZgu.cpp(118,42): warning C4305: +=: усечение из "double" в "float"
C:\Users\Вадим\Desktop\Новая папка\VS_OpenGL_Zgu\OpenGL_tutorial\tut_Basic_Objects\drawLibZgu.cpp(142,22): warning C4305: аргумент: усечение из "double" в "GLfloat"
C:\Users\Вадим\Desktop\Новая папка\VS_OpenGL_Zgu\OpenGL_tutorial\tut_Basic_Objects\drawLibZgu.cpp(144,42): warning C4305: +=: усечение из "double" в "float"
C:\Users\Вадим\Desktop\Новая папка\VS_OpenGL_Zgu\OpenGL_tutorial\tut_Basic_Objects\drawLibZgu.cpp(145,11): warning C4244: инициализация: преобразование "double" в "float", возможна потеря данных
C:\Users\Вадим\Desktop\Новая папка\VS_OpenGL_Zgu\OpenGL_tutorial\tut_Basic_Objects\drawLibZgu.cpp(146,11): warning C4244: инициализация: преобразование "double" в "float", возможна потеря данных
C:\Users\Вадим\Desktop\Новая папка\VS_OpenGL_Zgu\OpenGL_tutorial\tut_Basic_Objects\drawLibZgu.cpp(220,22): warning C4305: аргумент: усечение из "double" в "GLfloat"
C:\Users\Вадим\Desktop\Новая папка\VS_OpenGL_Zgu\OpenGL_tutorial\tut_Basic_Objects\drawLibZgu.cpp(221,22): warning C4305: аргумент: усечение из "double" в "GLfloat"
C:\Users\Вадим\Desktop\Новая папка\VS_OpenGL_Zgu\OpenGL_tutorial\tut_Basic_Objects\drawLibZgu.cpp(222,22): warning C4305: аргумент: усечение из "double" в "GLfloat"
C:\Users\Вадим\Desktop\Новая папка\VS_OpenGL_Zgu\OpenGL_tutorial\tut_Basic_Objects\drawLibZgu.cpp(223,23): warning C4305: аргумент: усечение из "double" в "GLfloat"
C:\Users\Вадим\Desktop\Новая папка\VS_OpenGL_Zgu\OpenGL_tutorial\tut_Basic_Objects\drawLibZgu.cpp(224,22): warning C4305: аргумент: усечение из "double" в "GLfloat"
C:\Users\Вадим\Desktop\Новая папка\VS_OpenGL_Zgu\OpenGL_tutorial\tut_Basic_Objects\drawLibZgu.cpp(225,19): warning C4305: аргумент: усечение из "double" в "GLfloat"
C:\Users\Вадим\Desktop\Новая папка\VS_OpenGL_Zgu\OpenGL_tutorial\tut_Basic_Objects\drawLibZgu.cpp(227,22): warning C4305: аргумент: усечение из "double" в "GLfloat"
C:\Users\Вадим\Desktop\Новая папка\VS_OpenGL_Zgu\OpenGL_tutorial\tut_Basic_Objects\drawLibZgu.cpp(228,19): warning C4305: аргумент: усечение из "double" в "GLfloat"
C:\Users\Вадим\Desktop\Новая папка\VS_OpenGL_Zgu\OpenGL_tutorial\tut_Basic_Objects\drawLibZgu.cpp(229,22): warning C4305: аргумент: усечение из "double" в "GLfloat"
C:\Users\Вадим\Desktop\Новая папка\VS_OpenGL_Zgu\OpenGL_tutorial\tut_Basic_Objects\drawLibZgu.cpp(230,22): warning C4305: аргумент: усечение из "double" в "GLfloat"
C:\Users\Вадим\Desktop\Новая папка\VS_OpenGL_Zgu\OpenGL_tutorial\tut_Basic_Objects\drawLibZgu.cpp(231,22): warning C4305: аргумент: усечение из "double" в "GLfloat"
C:\Users\Вадим\Desktop\Новая папка\VS_OpenGL_Zgu\OpenGL_tutorial\tut_Basic_Objects\drawLibZgu.cpp(232,21): warning C4305: аргумент: усечение из "double" в "GLfloat"
C:\Users\Вадим\Desktop\Новая папка\VS_OpenGL_Zgu\OpenGL_tutorial\tut_Basic_Objects\drawLibZgu.cpp(234,22): warning C4305: аргумент: усечение из "double" в "GLfloat"
C:\Users\Вадим\Desktop\Новая папка\VS_OpenGL_Zgu\OpenGL_tutorial\tut_Basic_Objects\drawLibZgu.cpp(235,21): warning C4305: аргумент: усечение из "double" в "GLfloat"
C:\Users\Вадим\Desktop\Новая папка\VS_OpenGL_Zgu\OpenGL_tutorial\tut_Basic_Objects\drawLibZgu.cpp(236,22): warning C4305: аргумент: усечение из "double" в "GLfloat"
C:\Users\Вадим\Desktop\Новая папка\VS_OpenGL_Zgu\OpenGL_tutorial\tut_Basic_Objects\drawLibZgu.cpp(237,21): warning C4305: аргумент: усечение из "double" в "GLfloat"
C:\Users\Вадим\Desktop\Новая папка\VS_OpenGL_Zgu\OpenGL_tutorial\tut_Basic_Objects\drawLibZgu.cpp(238,22): warning C4305: аргумент: усечение из "double" в "GLfloat"
C:\Users\Вадим\Desktop\Новая папка\VS_OpenGL_Zgu\OpenGL_tutorial\tut_Basic_Objects\drawLibZgu.cpp(239,20): warning C4305: аргумент: усечение из "double" в "GLfloat"
C:\Users\Вадим\Desktop\Новая папка\VS_OpenGL_Zgu\OpenGL_tutorial\tut_Basic_Objects\drawLibZgu.cpp(241,22): warning C4305: аргумент: усечение из "double" в "GLfloat"
C:\Users\Вадим\Desktop\Новая папка\VS_OpenGL_Zgu\OpenGL_tutorial\tut_Basic_Objects\drawLibZgu.cpp(242,21): warning C4305: аргумент: усечение из "double" в "GLfloat"
C:\Users\Вадим\Desktop\Новая папка\VS_OpenGL_Zgu\OpenGL_tutorial\tut_Basic_Objects\drawLibZgu.cpp(243,22): warning C4305: аргумент: усечение из "double" в "GLfloat"
C:\Users\Вадим\Desktop\Новая папка\VS_OpenGL_Zgu\OpenGL_tutorial\tut_Basic_Objects\drawLibZgu.cpp(244,22): warning C4305: аргумент: усечение из "double" в "GLfloat"
C:\Users\Вадим\Desktop\Новая папка\VS_OpenGL_Zgu\OpenGL_tutorial\tut_Basic_Objects\drawLibZgu.cpp(245,22): warning C4305: аргумент: усечение из "double" в "GLfloat"
C:\Users\Вадим\Desktop\Новая папка\VS_OpenGL_Zgu\OpenGL_tutorial\tut_Basic_Objects\drawLibZgu.cpp(246,22): warning C4305: аргумент: усечение из "double" в "GLfloat"
C:\Users\Вадим\Desktop\Новая папка\VS_OpenGL_Zgu\OpenGL_tutorial\tut_Basic_Objects\drawLibZgu.cpp(248,22): warning C4305: аргумент: усечение из "double" в "GLfloat"
C:\Users\Вадим\Desktop\Новая папка\VS_OpenGL_Zgu\OpenGL_tutorial\tut_Basic_Objects\drawLibZgu.cpp(249,26): warning C4305: аргумент: усечение из "double" в "GLfloat"
C:\Users\Вадим\Desktop\Новая папка\VS_OpenGL_Zgu\OpenGL_tutorial\tut_Basic_Objects\drawLibZgu.cpp(250,22): warning C4305: аргумент: усечение из "double" в "GLfloat"
C:\Users\Вадим\Desktop\Новая папка\VS_OpenGL_Zgu\OpenGL_tutorial\tut_Basic_Objects\drawLibZgu.cpp(251,27): warning C4305: аргумент: усечение из "double" в "GLfloat"
C:\Users\Вадим\Desktop\Новая папка\VS_OpenGL_Zgu\OpenGL_tutorial\tut_Basic_Objects\drawLibZgu.cpp(252,22): warning C4305: аргумент: усечение из "double" в "GLfloat"
C:\Users\Вадим\Desktop\Новая папка\VS_OpenGL_Zgu\OpenGL_tutorial\tut_Basic_Objects\drawLibZgu.cpp(253,27): warning C4305: аргумент: усечение из "double" в "GLfloat"
LINK : fatal error LNK1104: не удается открыть файл "freeglut.lib"
